<?xml version="1.0" encoding="UTF-8"?>
<testsuites name="Mocha Tests" time="37.3100" tests="11" failures="2">
  <testsuite name="Root Suite" timestamp="2022-02-04T10:54:07" tests="0" file="specs/homePageSpec.js" time="0.0000" failures="0">
  </testsuite>
  <testsuite name="XFlix" timestamp="2022-02-04T10:54:07" tests="11" time="37.2280" failures="2">
    <testcase name="XFlix should display 5 genre buttons on a row" time="3.7710" classname="should display 5 genre buttons on a row">
    </testcase>
    <testcase name="XFlix should display 5 content rating buttons on a row" time="0.8030" classname="should display 5 content rating buttons on a row">
    </testcase>
    <testcase name="XFlix should not have same parent for genre and content rating buttons" time="0.7990" classname="should not have same parent for genre and content rating buttons">
    </testcase>
    <testcase name="XFlix should not have &quot;View Count&quot; option selected in sort by dropdown on page load" time="0.4970" classname="should not have &quot;View Count&quot; option selected in sort by dropdown on page load">
    </testcase>
    <testcase name="XFlix should have &quot;Release Date&quot; option selected in sort by dropdown on page load" time="0.6850" classname="should have &quot;Release Date&quot; option selected in sort by dropdown on page load">
    </testcase>
    <testcase name="XFlix should have &quot;View Count&quot; option selectable after clicking on the sort by dropdown" time="0.9150" classname="should have &quot;View Count&quot; option selectable after clicking on the sort by dropdown">
    </testcase>
    <testcase name="XFlix should have &quot;Upload&quot; button on landing page on load" time="0.4990" classname="should have &quot;Upload&quot; button on landing page on load">
    </testcase>
    <testcase name="XFlix should open video modal with &quot;Submit&quot; and &quot;Cancel&quot; buttons, on clicking &quot;Upload&quot; button" time="5.2650" classname="should open video modal with &quot;Submit&quot; and &quot;Cancel&quot; buttons, on clicking &quot;Upload&quot; button">
      <failure message="Timed out retrying after 4000ms: Expected to find element: `#upload-btn-cancel`, but never found it." type="AssertionError"><![CDATA[AssertionError: Timed out retrying after 4000ms: Expected to find element: `#upload-btn-cancel`, but never found it.
    at Object.modalCancelButton (http://localhost:8081/__cypress/tests?p=specs/homePageSpec.js:269:15)
    at Context.eval (http://localhost:8081/__cypress/tests?p=specs/homePageSpec.js:358:23)]]></failure>
    </testcase>
    <testcase name="XFlix should open video modal on clicking &quot;Upload&quot; button and close it on clicking &quot;Cancel&quot; button in the modal" time="5.4190" classname="should open video modal on clicking &quot;Upload&quot; button and close it on clicking &quot;Cancel&quot; button in the modal">
      <failure message="Timed out retrying after 4000ms: Expected to find element: `#upload-btn-cancel`, but never found it." type="AssertionError"><![CDATA[AssertionError: Timed out retrying after 4000ms: Expected to find element: `#upload-btn-cancel`, but never found it.
    at Object.modalCancelButton (http://localhost:8081/__cypress/tests?p=specs/homePageSpec.js:269:15)
    at Context.eval (http://localhost:8081/__cypress/tests?p=specs/homePageSpec.js:367:23)]]></failure>
    </testcase>
    <testcase name="XFlix should have at least 10 links (with class &quot;video-tile-link&quot;) to different videos on page load." time="2.5770" classname="should have at least 10 links (with class &quot;video-tile-link&quot;) to different videos on page load.">
    </testcase>
    <testcase name="XFlix should display the video page on clicking the first video tile (with class &quot;video-tile&quot;) which has a parent element with class &quot;video-tile-link&quot;" time="3.1820" classname="should display the video page on clicking the first video tile (with class &quot;video-tile&quot;) which has a parent element with class &quot;video-tile-link&quot;">
    </testcase>
  </testsuite>
</testsuites>